Using pre-set license
Built from '2021.1/staging' branch; Version is '2021.1.0b3 (202fb86be42c) revision 2109368'; Using compiler version '192528614'; Build Type 'Release'
OS: 'Windows 10 Pro; OS build 19042.804; Version 2009; 64bit' Language: 'en' Physical Memory: 16333 MB
BatchMode: 1, IsHumanControllingUs: 0, StartBugReporterOnCrash: 0, Is64bit: 1, IsPro: 0

 COMMAND LINE ARGUMENTS:
C:\Program Files\Unity\Hub\Editor\2021.1.0b3\Editor\Unity.exe
-adb2
-batchMode
-noUpm
-name
AssetImportWorker0
-projectPath
O:/Unity projects/survival 1.0 - Copy
-logFile
Logs/AssetImportWorker0.log
-srvPort
62714
Successfully changed project path to: O:/Unity projects/survival 1.0 - Copy
O:/Unity projects/survival 1.0 - Copy
Using Asset Import Pipeline V2.
Refreshing native plugins compatible for Editor in 21.36 ms, found 0 plugins.
Preloading 0 native plugins for Editor in 0.00 ms.
Initialize engine version: 2021.1.0b3 (202fb86be42c)
[Subsystems] Discovering subsystems at path C:/Program Files/Unity/Hub/Editor/2021.1.0b3/Editor/Data/Resources/UnitySubsystems
[Subsystems] Discovering subsystems at path O:/Unity projects/survival 1.0 - Copy/Assets
GfxDevice: creating device client; threaded=0; jobified=0
Direct3D:
    Version:  Direct3D 11.0 [level 11.1]
    Renderer: NVIDIA GeForce RTX 2060 (ID=0x1f08)
    Vendor:   NVIDIA
    VRAM:     5980 MB
    Driver:   27.21.14.6140
Initialize mono
Mono path[0] = 'C:/Program Files/Unity/Hub/Editor/2021.1.0b3/Editor/Data/Managed'
Mono path[1] = 'C:/Program Files/Unity/Hub/Editor/2021.1.0b3/Editor/Data/MonoBleedingEdge/lib/mono/unityjit'
Mono config path = 'C:/Program Files/Unity/Hub/Editor/2021.1.0b3/Editor/Data/MonoBleedingEdge/etc'
Using monoOptions --debugger-agent=transport=dt_socket,embedding=1,server=y,suspend=n,address=127.0.0.1:56188
Begin MonoManager ReloadAssembly
Registering precompiled unity dll's ...
Register platform support module: C:/Program Files/Unity/Hub/Editor/2021.1.0b3/Editor/Data/PlaybackEngines/WindowsStandaloneSupport/UnityEditor.WindowsStandalone.Extensions.dll
Register platform support module: C:/Program Files/Unity/Hub/Editor/2021.1.0b3/Editor/Data/PlaybackEngines/LinuxStandaloneSupport/UnityEditor.LinuxStandalone.Extensions.dll
Registered in 0.001906 seconds.
Native extension for LinuxStandalone target not found
Native extension for WindowsStandalone target not found
Refreshing native plugins compatible for Editor in 20.77 ms, found 0 plugins.
Preloading 0 native plugins for Editor in 0.00 ms.
Mono: successfully reloaded assembly
- Completed reload, in  0.932 seconds
Platform modules already initialized, skipping
Registering precompiled user dll's ...
Registered in 0.000327 seconds.
Begin MonoManager ReloadAssembly
Native extension for LinuxStandalone target not found
Native extension for WindowsStandalone target not found
Refreshing native plugins compatible for Editor in 0.24 ms, found 0 plugins.
Preloading 0 native plugins for Editor in 0.00 ms.
Mono: successfully reloaded assembly
- Completed reload, in  0.655 seconds
Platform modules already initialized, skipping
========================================================================
Worker process is ready to serve import requests
Launched and connected shader compiler UnityShaderCompiler.exe after 0.04 seconds
Refreshing native plugins compatible for Editor in 0.25 ms, found 0 plugins.
Preloading 0 native plugins for Editor in 0.00 ms.
Unloading 1190 Unused Serialized files (Serialized files now loaded: 0)
System memory in use before: 194.4 MB.
System memory in use after: 194.4 MB.

Unloading 10 unused Assets to reduce memory usage. Loaded Objects now: 1645.
Total: 1.700500 ms (FindLiveObjects: 0.130500 ms CreateObjectMapping: 0.026800 ms MarkObjects: 1.477600 ms  DeleteObjects: 0.064200 ms)

========================================================================
Received Import Request.
  path: Assets/Prefabs/LocalPlayer.prefab
  artifactKey: Guid(2f3ea5804679cd24c8bdcbdcfd4a70b8) Importer(815301076,1909f56bfc062723c751e8b465ee728b)
Start importing Assets/Prefabs/LocalPlayer.prefab using Guid(2f3ea5804679cd24c8bdcbdcfd4a70b8) Importer(815301076,1909f56bfc062723c751e8b465ee728b)  -> (artifact id: '25207ca283985766d8179191e567dfea') in 0.089599 seconds 
========================================================================
Received Prepare
Registering precompiled user dll's ...
Registered in 0.000484 seconds.
Begin MonoManager ReloadAssembly
Native extension for LinuxStandalone target not found
Native extension for WindowsStandalone target not found
Refreshing native plugins compatible for Editor in 0.24 ms, found 0 plugins.
Preloading 0 native plugins for Editor in 0.00 ms.
Mono: successfully reloaded assembly
- Completed reload, in  0.625 seconds
Platform modules already initialized, skipping
Refreshing native plugins compatible for Editor in 0.26 ms, found 0 plugins.
Preloading 0 native plugins for Editor in 0.00 ms.
Unloading 1171 Unused Serialized files (Serialized files now loaded: 0)
System memory in use before: 197.1 MB.
System memory in use after: 197.1 MB.

Unloading 5 unused Assets to reduce memory usage. Loaded Objects now: 1655.
Total: 1.461700 ms (FindLiveObjects: 0.129700 ms CreateObjectMapping: 0.027400 ms MarkObjects: 1.259900 ms  DeleteObjects: 0.044000 ms)

========================================================================
Received Import Request.
  Time since last request: 21.408251 seconds.
  path: Assets/Scenes/StartMenu.unity
  artifactKey: Guid(4bbc2c4399a51e348964b27bfbce0e3f) Importer(815301076,1909f56bfc062723c751e8b465ee728b)
Start importing Assets/Scenes/StartMenu.unity using Guid(4bbc2c4399a51e348964b27bfbce0e3f) Importer(815301076,1909f56bfc062723c751e8b465ee728b)  -> (artifact id: 'aaf236b3578963e14aaa92ee9415046b') in 0.009831 seconds 
========================================================================
Received Prepare
Registering precompiled user dll's ...
Registered in 0.000643 seconds.
Begin MonoManager ReloadAssembly
Native extension for LinuxStandalone target not found
Native extension for WindowsStandalone target not found
Refreshing native plugins compatible for Editor in 0.27 ms, found 0 plugins.
Preloading 0 native plugins for Editor in 0.00 ms.
Mono: successfully reloaded assembly
- Completed reload, in  0.676 seconds
Platform modules already initialized, skipping
Refreshing native plugins compatible for Editor in 0.28 ms, found 0 plugins.
Preloading 0 native plugins for Editor in 0.00 ms.
Unloading 1171 Unused Serialized files (Serialized files now loaded: 0)
System memory in use before: 197.1 MB.
System memory in use after: 197.2 MB.

Unloading 5 unused Assets to reduce memory usage. Loaded Objects now: 1657.
Total: 1.562400 ms (FindLiveObjects: 0.135700 ms CreateObjectMapping: 0.029000 ms MarkObjects: 1.329200 ms  DeleteObjects: 0.067500 ms)

========================================================================
Received Import Request.
  Time since last request: 121.329610 seconds.
  path: Assets/Scenes/Game.unity
  artifactKey: Guid(9fc0d4010bbf28b4594072e72b8655ab) Importer(815301076,1909f56bfc062723c751e8b465ee728b)
Start importing Assets/Scenes/Game.unity using Guid(9fc0d4010bbf28b4594072e72b8655ab) Importer(815301076,1909f56bfc062723c751e8b465ee728b)  -> (artifact id: 'b81216bc0714545fa574d81095ea2b0b') in 0.014795 seconds 
========================================================================
Received Prepare
Registering precompiled user dll's ...
Registered in 0.000356 seconds.
Begin MonoManager ReloadAssembly
Native extension for LinuxStandalone target not found
Native extension for WindowsStandalone target not found
Refreshing native plugins compatible for Editor in 0.34 ms, found 0 plugins.
Preloading 0 native plugins for Editor in 0.00 ms.
Mono: successfully reloaded assembly
- Completed reload, in  0.681 seconds
Platform modules already initialized, skipping
Refreshing native plugins compatible for Editor in 0.31 ms, found 0 plugins.
Preloading 0 native plugins for Editor in 0.00 ms.
Unloading 1171 Unused Serialized files (Serialized files now loaded: 0)
System memory in use before: 197.1 MB.
System memory in use after: 197.2 MB.

Unloading 5 unused Assets to reduce memory usage. Loaded Objects now: 1659.
Total: 1.705900 ms (FindLiveObjects: 0.171600 ms CreateObjectMapping: 0.026100 ms MarkObjects: 1.446600 ms  DeleteObjects: 0.060500 ms)

========================================================================
Received Import Request.
  Time since last request: 59.858398 seconds.
  path: Assets/GameSceneLighting.lighting
  artifactKey: Guid(edfbb49b127765244945d9e66ee68d79) Importer(815301076,1909f56bfc062723c751e8b465ee728b)
Start importing Assets/GameSceneLighting.lighting using Guid(edfbb49b127765244945d9e66ee68d79) Importer(815301076,1909f56bfc062723c751e8b465ee728b)  -> (artifact id: '4fbd0ac968dfd21cc49e967fb0e05b4c') in 0.016077 seconds 
========================================================================
Received Prepare
Registering precompiled user dll's ...
Registered in 0.000378 seconds.
Begin MonoManager ReloadAssembly
Native extension for LinuxStandalone target not found
Native extension for WindowsStandalone target not found
Refreshing native plugins compatible for Editor in 0.25 ms, found 0 plugins.
Preloading 0 native plugins for Editor in 0.00 ms.
Mono: successfully reloaded assembly
- Completed reload, in  0.610 seconds
Platform modules already initialized, skipping
Refreshing native plugins compatible for Editor in 0.24 ms, found 0 plugins.
Preloading 0 native plugins for Editor in 0.00 ms.
Unloading 1171 Unused Serialized files (Serialized files now loaded: 0)
System memory in use before: 197.2 MB.
System memory in use after: 197.2 MB.

Unloading 5 unused Assets to reduce memory usage. Loaded Objects now: 1661.
Total: 1.584800 ms (FindLiveObjects: 0.126500 ms CreateObjectMapping: 0.029700 ms MarkObjects: 1.373700 ms  DeleteObjects: 0.054100 ms)

========================================================================
Received Import Request.
  Time since last request: 638.391600 seconds.
  path: Assets/Shaders/SkyboxShader.shader
  artifactKey: Guid(f83820983d3a30144897cac09f62851d) Importer(815301076,1909f56bfc062723c751e8b465ee728b)
Start importing Assets/Shaders/SkyboxShader.shader using Guid(f83820983d3a30144897cac09f62851d) Importer(815301076,1909f56bfc062723c751e8b465ee728b)  -> (artifact id: '3a3605260ae00029247b668df78a657c') in 0.018660 seconds 
========================================================================
Received Import Request.
  Time since last request: 12.334142 seconds.
  path: Assets/Shaders/SkyboxShader.shader
  artifactKey: Guid(f83820983d3a30144897cac09f62851d) Importer(815301076,1909f56bfc062723c751e8b465ee728b)
Start importing Assets/Shaders/SkyboxShader.shader using Guid(f83820983d3a30144897cac09f62851d) Importer(815301076,1909f56bfc062723c751e8b465ee728b)  -> (artifact id: 'e78548739c9f50d8cf11b4bfa0d7cc33') in 0.002683 seconds 
========================================================================
Received Prepare
Registering precompiled user dll's ...
Registered in 0.000444 seconds.
Begin MonoManager ReloadAssembly
Native extension for LinuxStandalone target not found
Native extension for WindowsStandalone target not found
Refreshing native plugins compatible for Editor in 0.24 ms, found 0 plugins.
Preloading 0 native plugins for Editor in 0.00 ms.
Mono: successfully reloaded assembly
- Completed reload, in  0.631 seconds
Platform modules already initialized, skipping
Refreshing native plugins compatible for Editor in 0.27 ms, found 0 plugins.
Preloading 0 native plugins for Editor in 0.00 ms.
Unloading 1172 Unused Serialized files (Serialized files now loaded: 0)
System memory in use before: 197.5 MB.
System memory in use after: 197.6 MB.

Unloading 6 unused Assets to reduce memory usage. Loaded Objects now: 1664.
Total: 1.555300 ms (FindLiveObjects: 0.154500 ms CreateObjectMapping: 0.029400 ms MarkObjects: 1.302200 ms  DeleteObjects: 0.067800 ms)

========================================================================
Received Prepare
Registering precompiled user dll's ...
Registered in 0.000444 seconds.
Begin MonoManager ReloadAssembly
Native extension for LinuxStandalone target not found
Native extension for WindowsStandalone target not found
Refreshing native plugins compatible for Editor in 0.25 ms, found 0 plugins.
Preloading 0 native plugins for Editor in 0.00 ms.
Mono: successfully reloaded assembly
- Completed reload, in  0.652 seconds
Platform modules already initialized, skipping
Refreshing native plugins compatible for Editor in 0.23 ms, found 0 plugins.
Preloading 0 native plugins for Editor in 0.00 ms.
Unloading 1173 Unused Serialized files (Serialized files now loaded: 0)
System memory in use before: 197.5 MB.
System memory in use after: 197.6 MB.

Unloading 6 unused Assets to reduce memory usage. Loaded Objects now: 1667.
Total: 1.842000 ms (FindLiveObjects: 0.202300 ms CreateObjectMapping: 0.029800 ms MarkObjects: 1.513300 ms  DeleteObjects: 0.095500 ms)

========================================================================
Received Prepare
Registering precompiled user dll's ...
Registered in 0.000669 seconds.
Begin MonoManager ReloadAssembly
Native extension for LinuxStandalone target not found
Native extension for WindowsStandalone target not found
Refreshing native plugins compatible for Editor in 0.23 ms, found 0 plugins.
Preloading 0 native plugins for Editor in 0.00 ms.
Mono: successfully reloaded assembly
- Completed reload, in  0.643 seconds
Platform modules already initialized, skipping
Refreshing native plugins compatible for Editor in 0.24 ms, found 0 plugins.
Preloading 0 native plugins for Editor in 0.00 ms.
Unloading 1172 Unused Serialized files (Serialized files now loaded: 0)
System memory in use before: 197.5 MB.
System memory in use after: 197.6 MB.

Unloading 7 unused Assets to reduce memory usage. Loaded Objects now: 1668.
Total: 1.763700 ms (FindLiveObjects: 0.147400 ms CreateObjectMapping: 0.031300 ms MarkObjects: 1.518300 ms  DeleteObjects: 0.065300 ms)

========================================================================
Received Import Request.
  Time since last request: 189.814431 seconds.
  path: Assets/Scenes/StartMenu.unity
  artifactKey: Guid(4bbc2c4399a51e348964b27bfbce0e3f) Importer(815301076,1909f56bfc062723c751e8b465ee728b)
Start importing Assets/Scenes/StartMenu.unity using Guid(4bbc2c4399a51e348964b27bfbce0e3f) Importer(815301076,1909f56bfc062723c751e8b465ee728b)  -> (artifact id: 'f079473a63ea8016e74bbf0f53ed66e6') in 0.012553 seconds 
========================================================================
Received Prepare
Registering precompiled user dll's ...
Registered in 0.000475 seconds.
Begin MonoManager ReloadAssembly
Native extension for LinuxStandalone target not found
Native extension for WindowsStandalone target not found
Refreshing native plugins compatible for Editor in 0.28 ms, found 0 plugins.
Preloading 0 native plugins for Editor in 0.00 ms.
Mono: successfully reloaded assembly
- Completed reload, in  0.638 seconds
Platform modules already initialized, skipping
Refreshing native plugins compatible for Editor in 0.28 ms, found 0 plugins.
Preloading 0 native plugins for Editor in 0.00 ms.
Unloading 1172 Unused Serialized files (Serialized files now loaded: 0)
System memory in use before: 197.5 MB.
System memory in use after: 197.6 MB.

Unloading 6 unused Assets to reduce memory usage. Loaded Objects now: 1670.
Total: 1.730900 ms (FindLiveObjects: 0.209700 ms CreateObjectMapping: 0.033100 ms MarkObjects: 1.415700 ms  DeleteObjects: 0.071300 ms)

========================================================================
Received Import Request.
  Time since last request: 30.748121 seconds.
  path: Assets/Materials/SelectedButton.mat
  artifactKey: Guid(3037073ee57a45d42ab32427cfacd535) Importer(815301076,1909f56bfc062723c751e8b465ee728b)
Start importing Assets/Materials/SelectedButton.mat using Guid(3037073ee57a45d42ab32427cfacd535) Importer(815301076,1909f56bfc062723c751e8b465ee728b)  -> (artifact id: '1ad406d06b9dfeac72a83bd91046a215') in 0.074371 seconds 
========================================================================
Received Import Request.
  Time since last request: 0.290977 seconds.
  path: Assets/Materials/Player.mat
  artifactKey: Guid(64f64e16799f0fe41afb605c152b99ac) Importer(815301076,1909f56bfc062723c751e8b465ee728b)
Start importing Assets/Materials/Player.mat using Guid(64f64e16799f0fe41afb605c152b99ac) Importer(815301076,1909f56bfc062723c751e8b465ee728b)  -> (artifact id: '31081d994ec0ed83326bd9756d13bb40') in 0.016371 seconds 
========================================================================
Received Import Request.
  Time since last request: 0.010317 seconds.
  path: Assets/Materials/PlayerSphere.mat
  artifactKey: Guid(58e4942ec1708744b929ee33543d4c41) Importer(815301076,1909f56bfc062723c751e8b465ee728b)
Start importing Assets/Materials/PlayerSphere.mat using Guid(58e4942ec1708744b929ee33543d4c41) Importer(815301076,1909f56bfc062723c751e8b465ee728b)  -> (artifact id: 'dad1a348415b5be4b57679388b9090d5') in 0.040706 seconds 
========================================================================
Received Import Request.
  Time since last request: 0.011938 seconds.
  path: Assets/TextMesh Pro/Fonts/Montserrat-Regular SDF.asset
  artifactKey: Guid(2fea571eaf928a246a43a92ab2b60443) Importer(815301076,1909f56bfc062723c751e8b465ee728b)
Start importing Assets/TextMesh Pro/Fonts/Montserrat-Regular SDF.asset using Guid(2fea571eaf928a246a43a92ab2b60443) Importer(815301076,1909f56bfc062723c751e8b465ee728b)  -> (artifact id: '8d338218724ca150c0fa192a0943509f') in 0.066286 seconds 
========================================================================
Received Import Request.
  Time since last request: 0.011423 seconds.
  path: Assets/Materials/MenuBackground.mat
  artifactKey: Guid(c5524a2726f796649a5565882af7c785) Importer(815301076,1909f56bfc062723c751e8b465ee728b)
Start importing Assets/Materials/MenuBackground.mat using Guid(c5524a2726f796649a5565882af7c785) Importer(815301076,1909f56bfc062723c751e8b465ee728b)  -> (artifact id: 'd37922c76ba911c4572e1f3778810b95') in 0.013612 seconds 
========================================================================
Received Import Request.
  Time since last request: 0.069853 seconds.
  path: Assets/Materials/LocalPlayer.mat
  artifactKey: Guid(7d0ff8c7157ec5c40b55cab1c8c212d6) Importer(815301076,1909f56bfc062723c751e8b465ee728b)
Start importing Assets/Materials/LocalPlayer.mat using Guid(7d0ff8c7157ec5c40b55cab1c8c212d6) Importer(815301076,1909f56bfc062723c751e8b465ee728b)  -> (artifact id: '7c1415617042b2eee28f034cd2135058') in 0.012226 seconds 
========================================================================
Received Import Request.
  Time since last request: 0.259340 seconds.
  path: Assets/Materials/IdleButton.mat
  artifactKey: Guid(35ebfd060405a804783ff901870fae9e) Importer(815301076,1909f56bfc062723c751e8b465ee728b)
Start importing Assets/Materials/IdleButton.mat using Guid(35ebfd060405a804783ff901870fae9e) Importer(815301076,1909f56bfc062723c751e8b465ee728b)  -> (artifact id: 'c9020b31c6419c1909c51517ee983617') in 0.015494 seconds 
========================================================================
Received Prepare
Registering precompiled user dll's ...
Registered in 0.000538 seconds.
Begin MonoManager ReloadAssembly
Native extension for LinuxStandalone target not found
Native extension for WindowsStandalone target not found
Refreshing native plugins compatible for Editor in 0.26 ms, found 0 plugins.
Preloading 0 native plugins for Editor in 0.00 ms.
Mono: successfully reloaded assembly
- Completed reload, in  0.652 seconds
Platform modules already initialized, skipping
Refreshing native plugins compatible for Editor in 0.23 ms, found 0 plugins.
Preloading 0 native plugins for Editor in 0.00 ms.
Unloading 1173 Unused Serialized files (Serialized files now loaded: 0)
System memory in use before: 199.3 MB.
System memory in use after: 199.4 MB.

Unloading 6 unused Assets to reduce memory usage. Loaded Objects now: 1723.
Total: 1.719900 ms (FindLiveObjects: 0.216900 ms CreateObjectMapping: 0.033700 ms MarkObjects: 1.401400 ms  DeleteObjects: 0.066700 ms)

========================================================================
Received Import Request.
  Time since last request: 31.222297 seconds.
  path: Assets/Scenes/Game.unity
  artifactKey: Guid(9fc0d4010bbf28b4594072e72b8655ab) Importer(815301076,1909f56bfc062723c751e8b465ee728b)
Start importing Assets/Scenes/Game.unity using Guid(9fc0d4010bbf28b4594072e72b8655ab) Importer(815301076,1909f56bfc062723c751e8b465ee728b)  -> (artifact id: '56bbc4b6a708dc2570a35f9449a1e1a7') in 0.015681 seconds 
========================================================================
Received Import Request.
  Time since last request: 2.076594 seconds.
  path: Assets/Materials/Skybox.mat
  artifactKey: Guid(96fee5332eacd8e448398bca4792477e) Importer(815301076,1909f56bfc062723c751e8b465ee728b)
Start importing Assets/Materials/Skybox.mat using Guid(96fee5332eacd8e448398bca4792477e) Importer(815301076,1909f56bfc062723c751e8b465ee728b)  -> (artifact id: '0ddd9f68ca795205a216dbb0ae36b611') in 0.044393 seconds 
========================================================================
Received Prepare
Registering precompiled user dll's ...
Registered in 0.000477 seconds.
Begin MonoManager ReloadAssembly
Native extension for LinuxStandalone target not found
Native extension for WindowsStandalone target not found
Refreshing native plugins compatible for Editor in 0.24 ms, found 0 plugins.
Preloading 0 native plugins for Editor in 0.00 ms.
Mono: successfully reloaded assembly
- Completed reload, in  0.637 seconds
Platform modules already initialized, skipping
Refreshing native plugins compatible for Editor in 0.24 ms, found 0 plugins.
Preloading 0 native plugins for Editor in 0.00 ms.
Unloading 1172 Unused Serialized files (Serialized files now loaded: 0)
System memory in use before: 199.3 MB.
System memory in use after: 199.4 MB.

Unloading 5 unused Assets to reduce memory usage. Loaded Objects now: 1727.
Total: 1.727500 ms (FindLiveObjects: 0.137000 ms CreateObjectMapping: 0.031800 ms MarkObjects: 1.497600 ms  DeleteObjects: 0.060000 ms)

========================================================================
Received Prepare
Registering precompiled user dll's ...
Registered in 0.000551 seconds.
Begin MonoManager ReloadAssembly
Native extension for LinuxStandalone target not found
Native extension for WindowsStandalone target not found
Refreshing native plugins compatible for Editor in 0.33 ms, found 0 plugins.
Preloading 0 native plugins for Editor in 0.00 ms.
Mono: successfully reloaded assembly
- Completed reload, in  0.681 seconds
Platform modules already initialized, skipping
Refreshing native plugins compatible for Editor in 0.33 ms, found 0 plugins.
Preloading 0 native plugins for Editor in 0.00 ms.
Unloading 1171 Unused Serialized files (Serialized files now loaded: 0)
System memory in use before: 199.2 MB.
System memory in use after: 199.3 MB.

Unloading 5 unused Assets to reduce memory usage. Loaded Objects now: 1729.
Total: 1.833200 ms (FindLiveObjects: 0.269100 ms CreateObjectMapping: 0.027100 ms MarkObjects: 1.469100 ms  DeleteObjects: 0.066800 ms)

========================================================================
Received Prepare
Registering precompiled user dll's ...
Registered in 0.000514 seconds.
Begin MonoManager ReloadAssembly
Native extension for LinuxStandalone target not found
Native extension for WindowsStandalone target not found
Refreshing native plugins compatible for Editor in 0.25 ms, found 0 plugins.
Preloading 0 native plugins for Editor in 0.00 ms.
Mono: successfully reloaded assembly
- Completed reload, in  0.669 seconds
Platform modules already initialized, skipping
Refreshing native plugins compatible for Editor in 0.24 ms, found 0 plugins.
Preloading 0 native plugins for Editor in 0.00 ms.
Unloading 1171 Unused Serialized files (Serialized files now loaded: 0)
System memory in use before: 199.2 MB.
System memory in use after: 199.3 MB.

Unloading 5 unused Assets to reduce memory usage. Loaded Objects now: 1731.
Total: 1.570100 ms (FindLiveObjects: 0.143700 ms CreateObjectMapping: 0.027600 ms MarkObjects: 1.337500 ms  DeleteObjects: 0.060500 ms)

========================================================================
Received Prepare
Registering precompiled user dll's ...
Registered in 0.000347 seconds.
Begin MonoManager ReloadAssembly
Native extension for LinuxStandalone target not found
Native extension for WindowsStandalone target not found
Refreshing native plugins compatible for Editor in 0.23 ms, found 0 plugins.
Preloading 0 native plugins for Editor in 0.00 ms.
Mono: successfully reloaded assembly
- Completed reload, in  0.612 seconds
Platform modules already initialized, skipping
Refreshing native plugins compatible for Editor in 0.23 ms, found 0 plugins.
Preloading 0 native plugins for Editor in 0.00 ms.
Unloading 1171 Unused Serialized files (Serialized files now loaded: 0)
System memory in use before: 199.2 MB.
System memory in use after: 199.3 MB.

Unloading 5 unused Assets to reduce memory usage. Loaded Objects now: 1733.
Total: 1.767500 ms (FindLiveObjects: 0.127100 ms CreateObjectMapping: 0.031800 ms MarkObjects: 1.553900 ms  DeleteObjects: 0.053800 ms)

AssetImportWorkerClient::OnTransportError - code=2 error=End of file
