Using pre-set license
Built from '2021.1/staging' branch; Version is '2021.1.0b3 (202fb86be42c) revision 2109368'; Using compiler version '192528614'; Build Type 'Release'
OS: 'Windows 10 Pro; OS build 19042.867; Version 2009; 64bit' Language: 'en' Physical Memory: 16333 MB
BatchMode: 1, IsHumanControllingUs: 0, StartBugReporterOnCrash: 0, Is64bit: 1, IsPro: 0

 COMMAND LINE ARGUMENTS:
C:\Program Files\Unity\Hub\Editor\2021.1.0b3\Editor\Unity.exe
-adb2
-batchMode
-noUpm
-name
AssetImportWorker0
-projectPath
O:/Unity projects/survival 2.0
-logFile
Logs/AssetImportWorker0.log
-srvPort
63071
Successfully changed project path to: O:/Unity projects/survival 2.0
O:/Unity projects/survival 2.0
Using Asset Import Pipeline V2.
Refreshing native plugins compatible for Editor in 59.53 ms, found 1 plugins.
Preloading 0 native plugins for Editor in 0.00 ms.
Initialize engine version: 2021.1.0b3 (202fb86be42c)
[Subsystems] Discovering subsystems at path C:/Program Files/Unity/Hub/Editor/2021.1.0b3/Editor/Data/Resources/UnitySubsystems
[Subsystems] Discovering subsystems at path O:/Unity projects/survival 2.0/Assets
GfxDevice: creating device client; threaded=0; jobified=0
Direct3D:
    Version:  Direct3D 11.0 [level 11.1]
    Renderer: NVIDIA GeForce RTX 2060 (ID=0x1f08)
    Vendor:   NVIDIA
    VRAM:     5980 MB
    Driver:   27.21.14.6172
Initialize mono
Mono path[0] = 'C:/Program Files/Unity/Hub/Editor/2021.1.0b3/Editor/Data/Managed'
Mono path[1] = 'C:/Program Files/Unity/Hub/Editor/2021.1.0b3/Editor/Data/MonoBleedingEdge/lib/mono/unityjit'
Mono config path = 'C:/Program Files/Unity/Hub/Editor/2021.1.0b3/Editor/Data/MonoBleedingEdge/etc'
Using monoOptions --debugger-agent=transport=dt_socket,embedding=1,server=y,suspend=n,address=127.0.0.1:56052
Begin MonoManager ReloadAssembly
Registering precompiled unity dll's ...
Register platform support module: C:/Program Files/Unity/Hub/Editor/2021.1.0b3/Editor/Data/PlaybackEngines/WindowsStandaloneSupport/UnityEditor.WindowsStandalone.Extensions.dll
Register platform support module: C:/Program Files/Unity/Hub/Editor/2021.1.0b3/Editor/Data/PlaybackEngines/LinuxStandaloneSupport/UnityEditor.LinuxStandalone.Extensions.dll
Registered in 0.001973 seconds.
Native extension for LinuxStandalone target not found
Native extension for WindowsStandalone target not found
Refreshing native plugins compatible for Editor in 63.86 ms, found 1 plugins.
Preloading 0 native plugins for Editor in 0.00 ms.
Mono: successfully reloaded assembly
- Completed reload, in  1.031 seconds
Platform modules already initialized, skipping
Registering precompiled user dll's ...
Registered in 0.001553 seconds.
Begin MonoManager ReloadAssembly
Native extension for LinuxStandalone target not found
Native extension for WindowsStandalone target not found
Refreshing native plugins compatible for Editor in 0.51 ms, found 1 plugins.
Preloading 0 native plugins for Editor in 0.00 ms.
Mono: successfully reloaded assembly
- Completed reload, in  0.812 seconds
Platform modules already initialized, skipping
========================================================================
Worker process is ready to serve import requests
Launched and connected shader compiler UnityShaderCompiler.exe after 0.05 seconds
Refreshing native plugins compatible for Editor in 0.88 ms, found 1 plugins.
Preloading 0 native plugins for Editor in 0.00 ms.
Unloading 2722 Unused Serialized files (Serialized files now loaded: 0)
System memory in use before: 233.6 MB.
System memory in use after: 233.7 MB.

Unloading 15 unused Assets to reduce memory usage. Loaded Objects now: 3172.
Total: 1.834100 ms (FindLiveObjects: 0.269800 ms CreateObjectMapping: 0.070800 ms MarkObjects: 1.420300 ms  DeleteObjects: 0.072000 ms)

========================================================================
Received Import Request.
  path: Assets/Models
  artifactKey: Guid(ae3cc84098d8b2c4a81564f46faf1d73) Importer(815301076,1909f56bfc062723c751e8b465ee728b)
Start importing Assets/Models using Guid(ae3cc84098d8b2c4a81564f46faf1d73) Importer(815301076,1909f56bfc062723c751e8b465ee728b)  -> (artifact id: '89601183699decb6f216c0801c0ff253') in 0.009074 seconds 
========================================================================
Received Import Request.
  Time since last request: 5.145728 seconds.
  path: Assets/Models/Enviroment
  artifactKey: Guid(b89209f5715c19847bd4879bca794364) Importer(815301076,1909f56bfc062723c751e8b465ee728b)
Start importing Assets/Models/Enviroment using Guid(b89209f5715c19847bd4879bca794364) Importer(815301076,1909f56bfc062723c751e8b465ee728b)  -> (artifact id: 'db8eb3e22799952fe9bded3990354504') in 0.005515 seconds 
========================================================================
Received Import Request.
  Time since last request: 6.087430 seconds.
  path: Assets/Models/Enviroment/Trees
  artifactKey: Guid(f1668f561fe982b4ebf0e1c55f93c0e9) Importer(815301076,1909f56bfc062723c751e8b465ee728b)
Start importing Assets/Models/Enviroment/Trees using Guid(f1668f561fe982b4ebf0e1c55f93c0e9) Importer(815301076,1909f56bfc062723c751e8b465ee728b)  -> (artifact id: '04367804fac4d1bd67c5f727776c84eb') in 0.005314 seconds 
========================================================================
Received Import Request.
  Time since last request: 5.801757 seconds.
  path: Assets/Models/Enviroment/Trees/raw.fbx
  artifactKey: Guid(0ce220191b64b804f8ea163b1b78b041) Importer(815301076,1909f56bfc062723c751e8b465ee728b)
Start importing Assets/Models/Enviroment/Trees/raw.fbx using Guid(0ce220191b64b804f8ea163b1b78b041) Importer(815301076,1909f56bfc062723c751e8b465ee728b)  -> (artifact id: '80e77daa4c17cf009293008f9f95c1d1') in 0.167119 seconds 
========================================================================
Received Import Request.
  Time since last request: 17.173480 seconds.
  path: Assets/Models/Enviroment/Trees/raw.fbx
  artifactKey: Guid(0ce220191b64b804f8ea163b1b78b041) Importer(815301076,1909f56bfc062723c751e8b465ee728b)
Start importing Assets/Models/Enviroment/Trees/raw.fbx using Guid(0ce220191b64b804f8ea163b1b78b041) Importer(815301076,1909f56bfc062723c751e8b465ee728b)  -> (artifact id: 'e5d0a960c6b1d4261f61ddfb341d9d96') in 0.021888 seconds 
========================================================================
Received Import Request.
  Time since last request: 44.565907 seconds.
  path: Assets/Materials/Colors
  artifactKey: Guid(c628854555b737244873308877edb64c) Importer(815301076,1909f56bfc062723c751e8b465ee728b)
Start importing Assets/Materials/Colors using Guid(c628854555b737244873308877edb64c) Importer(815301076,1909f56bfc062723c751e8b465ee728b)  -> (artifact id: '8da02762e79b6634c0d61c9e535cd67f') in 0.006102 seconds 
========================================================================
Received Import Request.
  Time since last request: 31.706414 seconds.
  path: Assets/Materials/Colors/treecolors.png
  artifactKey: Guid(8c7b72a86e4202c4a8cb227b76ea58d9) Importer(815301076,1909f56bfc062723c751e8b465ee728b)
Start importing Assets/Materials/Colors/treecolors.png using Guid(8c7b72a86e4202c4a8cb227b76ea58d9) Importer(815301076,1909f56bfc062723c751e8b465ee728b)  -> (artifact id: '69cde60250ae771cdf579411df75563f') in 0.035071 seconds 
========================================================================
Received Import Request.
  Time since last request: 4543.812038 seconds.
  path: Assets/TextMesh Pro/Resources/Fonts & Materials/LiberationSans SDF.asset
  artifactKey: Guid(8f586378b4e144a9851e7b34d9b748ee) Importer(815301076,1909f56bfc062723c751e8b465ee728b)
Start importing Assets/TextMesh Pro/Resources/Fonts & Materials/LiberationSans SDF.asset using Guid(8f586378b4e144a9851e7b34d9b748ee) Importer(815301076,1909f56bfc062723c751e8b465ee728b)  -> (artifact id: '7ceb18e3812c52b37ee725fd685f2681') in 0.193730 seconds 
========================================================================
Received Import Request.
  Time since last request: 0.011030 seconds.
  path: Assets/Fonts/Montserrat-Regular SDF.asset
  artifactKey: Guid(f973466d18864ca45896cbc90621dd57) Importer(815301076,1909f56bfc062723c751e8b465ee728b)
Start importing Assets/Fonts/Montserrat-Regular SDF.asset using Guid(f973466d18864ca45896cbc90621dd57) Importer(815301076,1909f56bfc062723c751e8b465ee728b)  -> (artifact id: 'a00c45947280350376a8ad7904694fb2') in 0.034407 seconds 
========================================================================
Received Import Request.
  Time since last request: 1130.753988 seconds.
  path: Assets/Models/Enviroment/Trees/raw.fbx
  artifactKey: Guid(0ce220191b64b804f8ea163b1b78b041) Importer(815301076,1909f56bfc062723c751e8b465ee728b)
Start importing Assets/Models/Enviroment/Trees/raw.fbx using Guid(0ce220191b64b804f8ea163b1b78b041) Importer(815301076,1909f56bfc062723c751e8b465ee728b)  -> (artifact id: '58b3e8c6163251404d72bae6ccbf612b') in 0.118753 seconds 
========================================================================
Received Import Request.
  Time since last request: 236.148708 seconds.
  path: Assets/Materials/Trees
  artifactKey: Guid(075a5d5fff40c2c42a1a287d59f2d007) Importer(815301076,1909f56bfc062723c751e8b465ee728b)
Start importing Assets/Materials/Trees using Guid(075a5d5fff40c2c42a1a287d59f2d007) Importer(815301076,1909f56bfc062723c751e8b465ee728b)  -> (artifact id: '8acc5a4e688e1892dc0e7efc3dce8b4d') in 0.001712 seconds 
========================================================================
Received Import Request.
  Time since last request: 480.154124 seconds.
  path: Assets/Models/Enviroment/Trees/Tree1.fbx
  artifactKey: Guid(0ce220191b64b804f8ea163b1b78b041) Importer(815301076,1909f56bfc062723c751e8b465ee728b)
Start importing Assets/Models/Enviroment/Trees/Tree1.fbx using Guid(0ce220191b64b804f8ea163b1b78b041) Importer(815301076,1909f56bfc062723c751e8b465ee728b)  -> (artifact id: '7b6778623ef719a4ee9f0d44934699a3') in 0.060893 seconds 
