Using pre-set license
Built from '2021.1/staging' branch; Version is '2021.1.0b3 (202fb86be42c) revision 2109368'; Using compiler version '192528614'; Build Type 'Release'
OS: 'Windows 10 Pro; OS build 19042.867; Version 2009; 64bit' Language: 'en' Physical Memory: 16333 MB
BatchMode: 1, IsHumanControllingUs: 0, StartBugReporterOnCrash: 0, Is64bit: 1, IsPro: 0

 COMMAND LINE ARGUMENTS:
C:\Program Files\Unity\Hub\Editor\2021.1.0b3\Editor\Unity.exe
-adb2
-batchMode
-noUpm
-name
AssetImportWorker0
-projectPath
O:/Unity projects/survival 2.0
-logFile
Logs/AssetImportWorker0.log
-srvPort
49480
Successfully changed project path to: O:/Unity projects/survival 2.0
O:/Unity projects/survival 2.0
Using Asset Import Pipeline V2.
Refreshing native plugins compatible for Editor in 60.15 ms, found 1 plugins.
Preloading 0 native plugins for Editor in 0.00 ms.
Initialize engine version: 2021.1.0b3 (202fb86be42c)
[Subsystems] Discovering subsystems at path C:/Program Files/Unity/Hub/Editor/2021.1.0b3/Editor/Data/Resources/UnitySubsystems
[Subsystems] Discovering subsystems at path O:/Unity projects/survival 2.0/Assets
GfxDevice: creating device client; threaded=0; jobified=0
Direct3D:
    Version:  Direct3D 11.0 [level 11.1]
    Renderer: NVIDIA GeForce RTX 2060 (ID=0x1f08)
    Vendor:   NVIDIA
    VRAM:     5980 MB
    Driver:   27.21.14.6589
Initialize mono
Mono path[0] = 'C:/Program Files/Unity/Hub/Editor/2021.1.0b3/Editor/Data/Managed'
Mono path[1] = 'C:/Program Files/Unity/Hub/Editor/2021.1.0b3/Editor/Data/MonoBleedingEdge/lib/mono/unityjit'
Mono config path = 'C:/Program Files/Unity/Hub/Editor/2021.1.0b3/Editor/Data/MonoBleedingEdge/etc'
Using monoOptions --debugger-agent=transport=dt_socket,embedding=1,server=y,suspend=n,address=127.0.0.1:56204
Begin MonoManager ReloadAssembly
Registering precompiled unity dll's ...
Register platform support module: C:/Program Files/Unity/Hub/Editor/2021.1.0b3/Editor/Data/PlaybackEngines/WindowsStandaloneSupport/UnityEditor.WindowsStandalone.Extensions.dll
Register platform support module: C:/Program Files/Unity/Hub/Editor/2021.1.0b3/Editor/Data/PlaybackEngines/LinuxStandaloneSupport/UnityEditor.LinuxStandalone.Extensions.dll
Registered in 0.001928 seconds.
Native extension for LinuxStandalone target not found
Native extension for WindowsStandalone target not found
Refreshing native plugins compatible for Editor in 60.54 ms, found 1 plugins.
Preloading 0 native plugins for Editor in 0.00 ms.
Mono: successfully reloaded assembly
- Completed reload, in  1.021 seconds
Platform modules already initialized, skipping
Registering precompiled user dll's ...
Registered in 0.001819 seconds.
Begin MonoManager ReloadAssembly
Native extension for LinuxStandalone target not found
Native extension for WindowsStandalone target not found
Refreshing native plugins compatible for Editor in 0.74 ms, found 1 plugins.
Preloading 0 native plugins for Editor in 0.00 ms.
Mono: successfully reloaded assembly
- Completed reload, in  0.773 seconds
Platform modules already initialized, skipping
========================================================================
Worker process is ready to serve import requests
Launched and connected shader compiler UnityShaderCompiler.exe after 0.04 seconds
Refreshing native plugins compatible for Editor in 0.76 ms, found 1 plugins.
Preloading 0 native plugins for Editor in 0.00 ms.
Unloading 2722 Unused Serialized files (Serialized files now loaded: 0)
System memory in use before: 233.7 MB.
System memory in use after: 233.9 MB.

Unloading 15 unused Assets to reduce memory usage. Loaded Objects now: 3172.
Total: 2.178800 ms (FindLiveObjects: 0.319000 ms CreateObjectMapping: 0.067900 ms MarkObjects: 1.682300 ms  DeleteObjects: 0.108400 ms)

========================================================================
Received Import Request.
  path: Assets/Models/Enviroment/Rocks
  artifactKey: Guid(1fa2a2818d5e92144baf31e5bf03f2f5) Importer(815301076,1909f56bfc062723c751e8b465ee728b)
Start importing Assets/Models/Enviroment/Rocks using Guid(1fa2a2818d5e92144baf31e5bf03f2f5) Importer(815301076,1909f56bfc062723c751e8b465ee728b)  -> (artifact id: '60aa3ec31236d4e8c34e1d0370b7c5ab') in 0.009366 seconds 
========================================================================
Received Import Request.
  Time since last request: 12.945209 seconds.
  path: Assets/Models/Enviroment/Rocks/rock1.fbx
  artifactKey: Guid(f65fde7ce9af5334f946d727c71e0ef6) Importer(815301076,1909f56bfc062723c751e8b465ee728b)
Start importing Assets/Models/Enviroment/Rocks/rock1.fbx using Guid(f65fde7ce9af5334f946d727c71e0ef6) Importer(815301076,1909f56bfc062723c751e8b465ee728b)  -> (artifact id: 'd52e9cb7fdaa5f45ad49c7ee5e6929b9') in 0.157337 seconds 
========================================================================
Received Import Request.
  Time since last request: 94.820677 seconds.
  path: Assets/Materials/ROck
  artifactKey: Guid(c4260e71bc015d340ba165085ef1c76b) Importer(815301076,1909f56bfc062723c751e8b465ee728b)
Start importing Assets/Materials/ROck using Guid(c4260e71bc015d340ba165085ef1c76b) Importer(815301076,1909f56bfc062723c751e8b465ee728b)  -> (artifact id: '7521d9a534825f271821fea8b7c8b0b8') in 0.005365 seconds 
========================================================================
Received Import Request.
  Time since last request: 2.890705 seconds.
  path: Assets/Materials/Rocks
  artifactKey: Guid(c4260e71bc015d340ba165085ef1c76b) Importer(815301076,1909f56bfc062723c751e8b465ee728b)
Start importing Assets/Materials/Rocks using Guid(c4260e71bc015d340ba165085ef1c76b) Importer(815301076,1909f56bfc062723c751e8b465ee728b)  -> (artifact id: '76702fea0d817e4ec6453abdb9ea8789') in 0.001727 seconds 
AssetImportWorkerClient::OnTransportError - code=2 error=End of file
