Using pre-set license
Built from '2021.1/staging' branch; Version is '2021.1.0b3 (202fb86be42c) revision 2109368'; Using compiler version '192528614'; Build Type 'Release'
OS: 'Windows 10 Pro; OS build 19042.746; Version 2009; 64bit' Language: 'en' Physical Memory: 16333 MB
BatchMode: 1, IsHumanControllingUs: 0, StartBugReporterOnCrash: 0, Is64bit: 1, IsPro: 0

 COMMAND LINE ARGUMENTS:
C:\Program Files\Unity\Hub\Editor\2021.1.0b3\Editor\Unity.exe
-adb2
-batchMode
-noUpm
-name
AssetImportWorker0
-projectPath
O:/Unity projects/procedual terrain generation
-logFile
Logs/AssetImportWorker0.log
-srvPort
53663
Successfully changed project path to: O:/Unity projects/procedual terrain generation
O:/Unity projects/procedual terrain generation
Using Asset Import Pipeline V2.
Refreshing native plugins compatible for Editor in 63.42 ms, found 1 plugins.
Preloading 0 native plugins for Editor in 0.00 ms.
Initialize engine version: 2021.1.0b3 (202fb86be42c)
[Subsystems] Discovering subsystems at path C:/Program Files/Unity/Hub/Editor/2021.1.0b3/Editor/Data/Resources/UnitySubsystems
[Subsystems] Discovering subsystems at path O:/Unity projects/procedual terrain generation/Assets
GfxDevice: creating device client; threaded=0; jobified=0
Direct3D:
    Version:  Direct3D 11.0 [level 11.1]
    Renderer: NVIDIA GeForce RTX 2060 (ID=0x1f08)
    Vendor:   NVIDIA
    VRAM:     5980 MB
    Driver:   27.21.14.6140
Initialize mono
Mono path[0] = 'C:/Program Files/Unity/Hub/Editor/2021.1.0b3/Editor/Data/Managed'
Mono path[1] = 'C:/Program Files/Unity/Hub/Editor/2021.1.0b3/Editor/Data/MonoBleedingEdge/lib/mono/unityjit'
Mono config path = 'C:/Program Files/Unity/Hub/Editor/2021.1.0b3/Editor/Data/MonoBleedingEdge/etc'
Using monoOptions --debugger-agent=transport=dt_socket,embedding=1,server=y,suspend=n,address=127.0.0.1:56032
Begin MonoManager ReloadAssembly
Registering precompiled unity dll's ...
Register platform support module: C:/Program Files/Unity/Hub/Editor/2021.1.0b3/Editor/Data/PlaybackEngines/WindowsStandaloneSupport/UnityEditor.WindowsStandalone.Extensions.dll
Registered in 0.001605 seconds.
Native extension for WindowsStandalone target not found
Refreshing native plugins compatible for Editor in 62.45 ms, found 1 plugins.
Preloading 0 native plugins for Editor in 0.00 ms.
Mono: successfully reloaded assembly
- Completed reload, in  0.942 seconds
Platform modules already initialized, skipping
Registering precompiled user dll's ...
Registered in 0.001634 seconds.
Begin MonoManager ReloadAssembly
Native extension for WindowsStandalone target not found
Refreshing native plugins compatible for Editor in 0.64 ms, found 1 plugins.
Preloading 0 native plugins for Editor in 0.00 ms.
Mono: successfully reloaded assembly
- Completed reload, in  0.759 seconds
Platform modules already initialized, skipping
========================================================================
Worker process is ready to serve import requests
Launched and connected shader compiler UnityShaderCompiler.exe after 0.04 seconds
Refreshing native plugins compatible for Editor in 0.70 ms, found 1 plugins.
Preloading 0 native plugins for Editor in 0.00 ms.
Unloading 2738 Unused Serialized files (Serialized files now loaded: 0)
System memory in use before: 234.3 MB.
System memory in use after: 234.5 MB.

Unloading 15 unused Assets to reduce memory usage. Loaded Objects now: 3188.
Total: 2.218700 ms (FindLiveObjects: 0.372900 ms CreateObjectMapping: 0.090800 ms MarkObjects: 1.671700 ms  DeleteObjects: 0.081600 ms)

========================================================================
Received Import Request.
  path: Assets/Water.mat
  artifactKey: Guid(0b29e78e25bfad94593d6ce2a99726fc) Importer(815301076,1909f56bfc062723c751e8b465ee728b)
Start importing Assets/Water.mat using Guid(0b29e78e25bfad94593d6ce2a99726fc) Importer(815301076,1909f56bfc062723c751e8b465ee728b)  -> (artifact id: '39cadea15d01d3e58ff712c579eac900') in 0.317549 seconds 
========================================================================
Received Import Request.
  Time since last request: 0.012829 seconds.
  path: Assets/Cylinder.prefab
  artifactKey: Guid(f55a6a8c1b950124fa46e022d28c7bdc) Importer(815301076,1909f56bfc062723c751e8b465ee728b)
Start importing Assets/Cylinder.prefab using Guid(f55a6a8c1b950124fa46e022d28c7bdc) Importer(815301076,1909f56bfc062723c751e8b465ee728b)  -> (artifact id: '8e4b62434c36873a7b2deb9014f03383') in 0.219354 seconds 
========================================================================
Received Import Request.
  Time since last request: 2.883008 seconds.
  path: Assets/Simple/Terrain Thingy Simple.prefab
  artifactKey: Guid(2f268f355a5ad1448892f21ffe294fd9) Importer(815301076,1909f56bfc062723c751e8b465ee728b)
Start importing Assets/Simple/Terrain Thingy Simple.prefab using Guid(2f268f355a5ad1448892f21ffe294fd9) Importer(815301076,1909f56bfc062723c751e8b465ee728b)  -> (artifact id: 'a421134f07f358c4c699f01f3d5d40f8') in 0.007365 seconds 
========================================================================
Received Prepare
Registering precompiled user dll's ...
Registered in 0.001852 seconds.
Begin MonoManager ReloadAssembly
Native extension for WindowsStandalone target not found
Refreshing native plugins compatible for Editor in 0.51 ms, found 1 plugins.
Preloading 0 native plugins for Editor in 0.00 ms.
Mono: successfully reloaded assembly
- Completed reload, in  0.713 seconds
Platform modules already initialized, skipping
Refreshing native plugins compatible for Editor in 0.75 ms, found 1 plugins.
Preloading 0 native plugins for Editor in 0.00 ms.
Unloading 2723 Unused Serialized files (Serialized files now loaded: 0)
System memory in use before: 237.5 MB.
System memory in use after: 237.6 MB.

Unloading 11 unused Assets to reduce memory usage. Loaded Objects now: 3231.
Total: 1.866800 ms (FindLiveObjects: 0.240000 ms CreateObjectMapping: 0.066600 ms MarkObjects: 1.504000 ms  DeleteObjects: 0.055100 ms)

========================================================================
Received Prepare
Registering precompiled user dll's ...
Registered in 0.001749 seconds.
Begin MonoManager ReloadAssembly
Native extension for WindowsStandalone target not found
Refreshing native plugins compatible for Editor in 0.55 ms, found 1 plugins.
Preloading 0 native plugins for Editor in 0.00 ms.
Mono: successfully reloaded assembly
- Completed reload, in  0.703 seconds
Platform modules already initialized, skipping
Refreshing native plugins compatible for Editor in 0.79 ms, found 1 plugins.
Preloading 0 native plugins for Editor in 0.00 ms.
Unloading 2724 Unused Serialized files (Serialized files now loaded: 0)
System memory in use before: 237.5 MB.
System memory in use after: 237.7 MB.

Unloading 10 unused Assets to reduce memory usage. Loaded Objects now: 3234.
Total: 2.050300 ms (FindLiveObjects: 0.306000 ms CreateObjectMapping: 0.068800 ms MarkObjects: 1.613100 ms  DeleteObjects: 0.061400 ms)

AssetImportWorkerClient::OnTransportError - code=2 error=End of file
