Using pre-set license
Built from '2021.1/staging' branch; Version is '2021.1.0b3 (202fb86be42c) revision 2109368'; Using compiler version '192528614'; Build Type 'Release'
OS: 'Windows 10 Pro; OS build 19042.746; Version 2009; 64bit' Language: 'en' Physical Memory: 16333 MB
BatchMode: 1, IsHumanControllingUs: 0, StartBugReporterOnCrash: 0, Is64bit: 1, IsPro: 0

 COMMAND LINE ARGUMENTS:
C:\Program Files\Unity\Hub\Editor\2021.1.0b3\Editor\Unity.exe
-adb2
-batchMode
-noUpm
-name
AssetImportWorker0
-projectPath
O:/Unity projects/procedual terrain generation
-logFile
Logs/AssetImportWorker0.log
-srvPort
64228
Successfully changed project path to: O:/Unity projects/procedual terrain generation
O:/Unity projects/procedual terrain generation
Using Asset Import Pipeline V2.
Refreshing native plugins compatible for Editor in 58.21 ms, found 1 plugins.
Preloading 0 native plugins for Editor in 0.00 ms.
Initialize engine version: 2021.1.0b3 (202fb86be42c)
[Subsystems] Discovering subsystems at path C:/Program Files/Unity/Hub/Editor/2021.1.0b3/Editor/Data/Resources/UnitySubsystems
[Subsystems] Discovering subsystems at path O:/Unity projects/procedual terrain generation/Assets
GfxDevice: creating device client; threaded=0; jobified=0
Direct3D:
    Version:  Direct3D 11.0 [level 11.1]
    Renderer: NVIDIA GeForce RTX 2060 (ID=0x1f08)
    Vendor:   NVIDIA
    VRAM:     5980 MB
    Driver:   27.21.14.6140
Initialize mono
Mono path[0] = 'C:/Program Files/Unity/Hub/Editor/2021.1.0b3/Editor/Data/Managed'
Mono path[1] = 'C:/Program Files/Unity/Hub/Editor/2021.1.0b3/Editor/Data/MonoBleedingEdge/lib/mono/unityjit'
Mono config path = 'C:/Program Files/Unity/Hub/Editor/2021.1.0b3/Editor/Data/MonoBleedingEdge/etc'
Using monoOptions --debugger-agent=transport=dt_socket,embedding=1,server=y,suspend=n,address=127.0.0.1:56584
Begin MonoManager ReloadAssembly
Registering precompiled unity dll's ...
Register platform support module: C:/Program Files/Unity/Hub/Editor/2021.1.0b3/Editor/Data/PlaybackEngines/WindowsStandaloneSupport/UnityEditor.WindowsStandalone.Extensions.dll
Registered in 0.001574 seconds.
Native extension for WindowsStandalone target not found
Refreshing native plugins compatible for Editor in 62.50 ms, found 1 plugins.
Preloading 0 native plugins for Editor in 0.00 ms.
Mono: successfully reloaded assembly
- Completed reload, in  1.028 seconds
Platform modules already initialized, skipping
Registering precompiled user dll's ...
Registered in 0.001733 seconds.
Begin MonoManager ReloadAssembly
Native extension for WindowsStandalone target not found
Refreshing native plugins compatible for Editor in 0.47 ms, found 1 plugins.
Preloading 0 native plugins for Editor in 0.00 ms.
Mono: successfully reloaded assembly
- Completed reload, in  0.872 seconds
Platform modules already initialized, skipping
========================================================================
Worker process is ready to serve import requests
Launched and connected shader compiler UnityShaderCompiler.exe after 0.04 seconds
Refreshing native plugins compatible for Editor in 0.48 ms, found 1 plugins.
Preloading 0 native plugins for Editor in 0.00 ms.
Unloading 2647 Unused Serialized files (Serialized files now loaded: 0)
System memory in use before: 229.6 MB.
System memory in use after: 229.8 MB.

Unloading 15 unused Assets to reduce memory usage. Loaded Objects now: 3096.
Total: 2.324700 ms (FindLiveObjects: 0.400500 ms CreateObjectMapping: 0.094400 ms MarkObjects: 1.754600 ms  DeleteObjects: 0.074000 ms)

========================================================================
Received Import Request.
  path: Assets/MapDisplay.cs
  artifactKey: Guid(8b2a701cc4a5dab488de212013be8bbb) Importer(815301076,1909f56bfc062723c751e8b465ee728b)
Start importing Assets/MapDisplay.cs using Guid(8b2a701cc4a5dab488de212013be8bbb) Importer(815301076,1909f56bfc062723c751e8b465ee728b)  -> (artifact id: 'ba01701544e0eed73dec64445e321f42') in 0.028760 seconds 
========================================================================
Received Prepare
Registering precompiled user dll's ...
Registered in 0.001882 seconds.
Begin MonoManager ReloadAssembly
Native extension for WindowsStandalone target not found
Refreshing native plugins compatible for Editor in 0.50 ms, found 1 plugins.
Preloading 0 native plugins for Editor in 0.00 ms.
Mono: successfully reloaded assembly
- Completed reload, in  0.753 seconds
Platform modules already initialized, skipping
Refreshing native plugins compatible for Editor in 0.53 ms, found 1 plugins.
Preloading 0 native plugins for Editor in 0.00 ms.
Unloading 2642 Unused Serialized files (Serialized files now loaded: 0)
System memory in use before: 229.7 MB.
System memory in use after: 229.9 MB.

Unloading 10 unused Assets to reduce memory usage. Loaded Objects now: 3098.
Total: 2.372300 ms (FindLiveObjects: 0.436700 ms CreateObjectMapping: 0.078800 ms MarkObjects: 1.790100 ms  DeleteObjects: 0.065600 ms)

========================================================================
Received Prepare
Registering precompiled user dll's ...
Registered in 0.001917 seconds.
Begin MonoManager ReloadAssembly
Native extension for WindowsStandalone target not found
Refreshing native plugins compatible for Editor in 0.48 ms, found 1 plugins.
Preloading 0 native plugins for Editor in 0.00 ms.
Mono: successfully reloaded assembly
- Completed reload, in  0.714 seconds
Platform modules already initialized, skipping
Refreshing native plugins compatible for Editor in 0.51 ms, found 1 plugins.
Preloading 0 native plugins for Editor in 0.00 ms.
Unloading 2642 Unused Serialized files (Serialized files now loaded: 0)
System memory in use before: 229.7 MB.
System memory in use after: 229.9 MB.

Unloading 10 unused Assets to reduce memory usage. Loaded Objects now: 3100.
Total: 1.731600 ms (FindLiveObjects: 0.250200 ms CreateObjectMapping: 0.067100 ms MarkObjects: 1.362400 ms  DeleteObjects: 0.051300 ms)

========================================================================
Received Prepare
Registering precompiled user dll's ...
Registered in 0.001987 seconds.
Begin MonoManager ReloadAssembly
Native extension for WindowsStandalone target not found
Refreshing native plugins compatible for Editor in 0.49 ms, found 1 plugins.
Preloading 0 native plugins for Editor in 0.00 ms.
Mono: successfully reloaded assembly
- Completed reload, in  0.704 seconds
Platform modules already initialized, skipping
Refreshing native plugins compatible for Editor in 0.52 ms, found 1 plugins.
Preloading 0 native plugins for Editor in 0.00 ms.
Unloading 2642 Unused Serialized files (Serialized files now loaded: 0)
System memory in use before: 229.7 MB.
System memory in use after: 229.9 MB.

Unloading 10 unused Assets to reduce memory usage. Loaded Objects now: 3102.
Total: 2.001500 ms (FindLiveObjects: 0.327200 ms CreateObjectMapping: 0.066500 ms MarkObjects: 1.553800 ms  DeleteObjects: 0.053200 ms)

========================================================================
Received Import Request.
  Time since last request: 410.576614 seconds.
  path: Assets
  artifactKey: Guid(00000000000000001000000000000000) Importer(815301076,1909f56bfc062723c751e8b465ee728b)
Start importing Assets using Guid(00000000000000001000000000000000) Importer(815301076,1909f56bfc062723c751e8b465ee728b)  -> (artifact id: 'f85862d238af90e22c8d7cab75838a2f') in 0.008706 seconds 
========================================================================
Received Import Request.
  Time since last request: 3.550942 seconds.
  path: Assets/New Material.mat
  artifactKey: Guid(b3e1de2013b32f94eb3ff388de29e89a) Importer(815301076,1909f56bfc062723c751e8b465ee728b)
Start importing Assets/New Material.mat using Guid(b3e1de2013b32f94eb3ff388de29e89a) Importer(815301076,1909f56bfc062723c751e8b465ee728b)  -> (artifact id: '3d99d25d8432023030ef87802e9c2ac2') in 0.082145 seconds 
========================================================================
Received Prepare
Registering precompiled user dll's ...
Registered in 0.001761 seconds.
Begin MonoManager ReloadAssembly
Native extension for WindowsStandalone target not found
Refreshing native plugins compatible for Editor in 0.45 ms, found 1 plugins.
Preloading 0 native plugins for Editor in 0.00 ms.
Mono: successfully reloaded assembly
- Completed reload, in  0.682 seconds
Platform modules already initialized, skipping
Refreshing native plugins compatible for Editor in 0.47 ms, found 1 plugins.
Preloading 0 native plugins for Editor in 0.00 ms.
Unloading 2642 Unused Serialized files (Serialized files now loaded: 0)
System memory in use before: 233.6 MB.
System memory in use after: 233.8 MB.

Unloading 10 unused Assets to reduce memory usage. Loaded Objects now: 3144.
Total: 1.896200 ms (FindLiveObjects: 0.267800 ms CreateObjectMapping: 0.067200 ms MarkObjects: 1.512100 ms  DeleteObjects: 0.047900 ms)

========================================================================
Received Import Request.
  Time since last request: 64.175083 seconds.
  path: Assets/Editor
  artifactKey: Guid(08321d050547c6346b436ad4b56539b8) Importer(815301076,1909f56bfc062723c751e8b465ee728b)
Start importing Assets/Editor using Guid(08321d050547c6346b436ad4b56539b8) Importer(815301076,1909f56bfc062723c751e8b465ee728b)  -> (artifact id: '88aeab108fa0550e6d6598b45ec913d3') in 0.008296 seconds 
========================================================================
Received Import Request.
  Time since last request: 9.859468 seconds.
  path: Assets/Editor/MapGeneratorEditor.cs
  artifactKey: Guid(33f83dde39e31f94f9a530efa74ada43) Importer(815301076,1909f56bfc062723c751e8b465ee728b)
Start importing Assets/Editor/MapGeneratorEditor.cs using Guid(33f83dde39e31f94f9a530efa74ada43) Importer(815301076,1909f56bfc062723c751e8b465ee728b)  -> (artifact id: '244fbc74e6f28cd6199bb2dbac0fa69b') in 0.019194 seconds 
========================================================================
Received Prepare
Registering precompiled user dll's ...
Registered in 0.001716 seconds.
Begin MonoManager ReloadAssembly
Native extension for WindowsStandalone target not found
Refreshing native plugins compatible for Editor in 0.48 ms, found 1 plugins.
Preloading 0 native plugins for Editor in 0.00 ms.
Mono: successfully reloaded assembly
- Completed reload, in  0.686 seconds
Platform modules already initialized, skipping
Refreshing native plugins compatible for Editor in 0.46 ms, found 1 plugins.
Preloading 0 native plugins for Editor in 0.00 ms.
Unloading 2643 Unused Serialized files (Serialized files now loaded: 0)
System memory in use before: 233.7 MB.
System memory in use after: 233.9 MB.

Unloading 10 unused Assets to reduce memory usage. Loaded Objects now: 3147.
Total: 1.960300 ms (FindLiveObjects: 0.224700 ms CreateObjectMapping: 0.065800 ms MarkObjects: 1.610300 ms  DeleteObjects: 0.058800 ms)

========================================================================
Received Import Request.
  Time since last request: 82.219701 seconds.
  path: Assets/Editor/MapGeneratorEditor.cs
  artifactKey: Guid(33f83dde39e31f94f9a530efa74ada43) Importer(815301076,1909f56bfc062723c751e8b465ee728b)
Start importing Assets/Editor/MapGeneratorEditor.cs using Guid(33f83dde39e31f94f9a530efa74ada43) Importer(815301076,1909f56bfc062723c751e8b465ee728b)  -> (artifact id: '6822601ed32ab15d2d2eceeeec61d551') in 0.005068 seconds 
========================================================================
Received Prepare
Registering precompiled user dll's ...
Registered in 0.001753 seconds.
Begin MonoManager ReloadAssembly
Native extension for WindowsStandalone target not found
Refreshing native plugins compatible for Editor in 0.47 ms, found 1 plugins.
Preloading 0 native plugins for Editor in 0.00 ms.
Mono: successfully reloaded assembly
- Completed reload, in  0.689 seconds
Platform modules already initialized, skipping
Refreshing native plugins compatible for Editor in 0.48 ms, found 1 plugins.
Preloading 0 native plugins for Editor in 0.00 ms.
Unloading 2643 Unused Serialized files (Serialized files now loaded: 0)
System memory in use before: 233.7 MB.
System memory in use after: 233.9 MB.

Unloading 10 unused Assets to reduce memory usage. Loaded Objects now: 3149.
Total: 1.723400 ms (FindLiveObjects: 0.252500 ms CreateObjectMapping: 0.066100 ms MarkObjects: 1.354100 ms  DeleteObjects: 0.049700 ms)

========================================================================
Received Prepare
Registering precompiled user dll's ...
Registered in 0.001742 seconds.
Begin MonoManager ReloadAssembly
Native extension for WindowsStandalone target not found
Refreshing native plugins compatible for Editor in 0.47 ms, found 1 plugins.
Preloading 0 native plugins for Editor in 0.00 ms.
Mono: successfully reloaded assembly
- Completed reload, in  0.685 seconds
Platform modules already initialized, skipping
Refreshing native plugins compatible for Editor in 0.46 ms, found 1 plugins.
Preloading 0 native plugins for Editor in 0.00 ms.
Unloading 2643 Unused Serialized files (Serialized files now loaded: 0)
System memory in use before: 233.7 MB.
System memory in use after: 233.9 MB.

Unloading 10 unused Assets to reduce memory usage. Loaded Objects now: 3151.
Total: 1.890100 ms (FindLiveObjects: 0.226600 ms CreateObjectMapping: 0.062600 ms MarkObjects: 1.545700 ms  DeleteObjects: 0.054400 ms)

========================================================================
Received Prepare
Registering precompiled user dll's ...
Registered in 0.001761 seconds.
Begin MonoManager ReloadAssembly
Native extension for WindowsStandalone target not found
Refreshing native plugins compatible for Editor in 0.47 ms, found 1 plugins.
Preloading 0 native plugins for Editor in 0.00 ms.
Mono: successfully reloaded assembly
- Completed reload, in  0.689 seconds
Platform modules already initialized, skipping
Refreshing native plugins compatible for Editor in 0.50 ms, found 1 plugins.
Preloading 0 native plugins for Editor in 0.00 ms.
Unloading 2643 Unused Serialized files (Serialized files now loaded: 0)
System memory in use before: 233.7 MB.
System memory in use after: 233.9 MB.

Unloading 10 unused Assets to reduce memory usage. Loaded Objects now: 3153.
Total: 2.008800 ms (FindLiveObjects: 0.262000 ms CreateObjectMapping: 0.076800 ms MarkObjects: 1.628600 ms  DeleteObjects: 0.040500 ms)

========================================================================
Received Prepare
Registering precompiled user dll's ...
Registered in 0.001818 seconds.
Begin MonoManager ReloadAssembly
Native extension for WindowsStandalone target not found
Refreshing native plugins compatible for Editor in 0.47 ms, found 1 plugins.
Preloading 0 native plugins for Editor in 0.00 ms.
Mono: successfully reloaded assembly
- Completed reload, in  0.685 seconds
Platform modules already initialized, skipping
Refreshing native plugins compatible for Editor in 0.47 ms, found 1 plugins.
Preloading 0 native plugins for Editor in 0.00 ms.
Unloading 2643 Unused Serialized files (Serialized files now loaded: 0)
System memory in use before: 233.7 MB.
System memory in use after: 233.9 MB.

Unloading 10 unused Assets to reduce memory usage. Loaded Objects now: 3155.
Total: 2.102800 ms (FindLiveObjects: 0.273200 ms CreateObjectMapping: 0.064600 ms MarkObjects: 1.712600 ms  DeleteObjects: 0.051700 ms)

========================================================================
Received Prepare
Registering precompiled user dll's ...
Registered in 0.001753 seconds.
Begin MonoManager ReloadAssembly
Native extension for WindowsStandalone target not found
Refreshing native plugins compatible for Editor in 0.48 ms, found 1 plugins.
Preloading 0 native plugins for Editor in 0.00 ms.
Mono: successfully reloaded assembly
- Completed reload, in  0.700 seconds
Platform modules already initialized, skipping
Refreshing native plugins compatible for Editor in 0.53 ms, found 1 plugins.
Preloading 0 native plugins for Editor in 0.00 ms.
Unloading 2643 Unused Serialized files (Serialized files now loaded: 0)
System memory in use before: 233.7 MB.
System memory in use after: 233.9 MB.

Unloading 10 unused Assets to reduce memory usage. Loaded Objects now: 3157.
Total: 1.763000 ms (FindLiveObjects: 0.302800 ms CreateObjectMapping: 0.064300 ms MarkObjects: 1.351600 ms  DeleteObjects: 0.043500 ms)

========================================================================
Received Prepare
Registering precompiled user dll's ...
Registered in 0.001739 seconds.
Begin MonoManager ReloadAssembly
Native extension for WindowsStandalone target not found
Refreshing native plugins compatible for Editor in 0.48 ms, found 1 plugins.
Preloading 0 native plugins for Editor in 0.00 ms.
Mono: successfully reloaded assembly
- Completed reload, in  0.679 seconds
Platform modules already initialized, skipping
Refreshing native plugins compatible for Editor in 0.46 ms, found 1 plugins.
Preloading 0 native plugins for Editor in 0.00 ms.
Unloading 2643 Unused Serialized files (Serialized files now loaded: 0)
System memory in use before: 233.7 MB.
System memory in use after: 233.9 MB.

Unloading 10 unused Assets to reduce memory usage. Loaded Objects now: 3159.
Total: 1.865100 ms (FindLiveObjects: 0.233000 ms CreateObjectMapping: 0.067000 ms MarkObjects: 1.514800 ms  DeleteObjects: 0.049600 ms)

========================================================================
Received Prepare
Registering precompiled user dll's ...
Registered in 0.001778 seconds.
Begin MonoManager ReloadAssembly
Native extension for WindowsStandalone target not found
Refreshing native plugins compatible for Editor in 0.48 ms, found 1 plugins.
Preloading 0 native plugins for Editor in 0.00 ms.
Mono: successfully reloaded assembly
- Completed reload, in  0.688 seconds
Platform modules already initialized, skipping
Refreshing native plugins compatible for Editor in 0.46 ms, found 1 plugins.
Preloading 0 native plugins for Editor in 0.00 ms.
Unloading 2643 Unused Serialized files (Serialized files now loaded: 0)
System memory in use before: 233.7 MB.
System memory in use after: 233.9 MB.

Unloading 10 unused Assets to reduce memory usage. Loaded Objects now: 3161.
Total: 1.886500 ms (FindLiveObjects: 0.244600 ms CreateObjectMapping: 0.066700 ms MarkObjects: 1.527500 ms  DeleteObjects: 0.047000 ms)

========================================================================
Received Prepare
Registering precompiled user dll's ...
Registered in 0.001856 seconds.
Begin MonoManager ReloadAssembly
Native extension for WindowsStandalone target not found
Refreshing native plugins compatible for Editor in 0.50 ms, found 1 plugins.
Preloading 0 native plugins for Editor in 0.00 ms.
Mono: successfully reloaded assembly
- Completed reload, in  0.680 seconds
Platform modules already initialized, skipping
Refreshing native plugins compatible for Editor in 0.51 ms, found 1 plugins.
Preloading 0 native plugins for Editor in 0.00 ms.
Unloading 2643 Unused Serialized files (Serialized files now loaded: 0)
System memory in use before: 233.7 MB.
System memory in use after: 233.9 MB.

Unloading 10 unused Assets to reduce memory usage. Loaded Objects now: 3163.
Total: 1.771400 ms (FindLiveObjects: 0.269100 ms CreateObjectMapping: 0.074600 ms MarkObjects: 1.382800 ms  DeleteObjects: 0.044200 ms)

========================================================================
Received Import Request.
  Time since last request: 1965.050212 seconds.
  path: Assets/Plane.mat
  artifactKey: Guid(b3e1de2013b32f94eb3ff388de29e89a) Importer(815301076,1909f56bfc062723c751e8b465ee728b)
Start importing Assets/Plane.mat using Guid(b3e1de2013b32f94eb3ff388de29e89a) Importer(815301076,1909f56bfc062723c751e8b465ee728b)  -> (artifact id: '7d7dde190f57971cf86dc53f3b7ab6fc') in 0.052004 seconds 
========================================================================
Received Prepare
Registering precompiled user dll's ...
Registered in 0.001769 seconds.
Begin MonoManager ReloadAssembly
Native extension for WindowsStandalone target not found
Refreshing native plugins compatible for Editor in 0.46 ms, found 1 plugins.
Preloading 0 native plugins for Editor in 0.00 ms.
Mono: successfully reloaded assembly
- Completed reload, in  0.672 seconds
Platform modules already initialized, skipping
Refreshing native plugins compatible for Editor in 0.48 ms, found 1 plugins.
Preloading 0 native plugins for Editor in 0.00 ms.
Unloading 2643 Unused Serialized files (Serialized files now loaded: 0)
System memory in use before: 233.7 MB.
System memory in use after: 233.9 MB.

Unloading 10 unused Assets to reduce memory usage. Loaded Objects now: 3167.
Total: 1.964500 ms (FindLiveObjects: 0.293200 ms CreateObjectMapping: 0.077200 ms MarkObjects: 1.542600 ms  DeleteObjects: 0.050500 ms)

========================================================================
Received Prepare
Registering precompiled user dll's ...
Registered in 0.001769 seconds.
Begin MonoManager ReloadAssembly
Native extension for WindowsStandalone target not found
Refreshing native plugins compatible for Editor in 0.56 ms, found 1 plugins.
Preloading 0 native plugins for Editor in 0.00 ms.
Mono: successfully reloaded assembly
- Completed reload, in  0.691 seconds
Platform modules already initialized, skipping
Refreshing native plugins compatible for Editor in 0.45 ms, found 1 plugins.
Preloading 0 native plugins for Editor in 0.00 ms.
Unloading 2643 Unused Serialized files (Serialized files now loaded: 0)
System memory in use before: 233.7 MB.
System memory in use after: 233.9 MB.

Unloading 10 unused Assets to reduce memory usage. Loaded Objects now: 3169.
Total: 1.659700 ms (FindLiveObjects: 0.221200 ms CreateObjectMapping: 0.064400 ms MarkObjects: 1.330300 ms  DeleteObjects: 0.043000 ms)

========================================================================
Received Import Request.
  Time since last request: 969.353002 seconds.
  path: Assets/TextureGenerator.cs
  artifactKey: Guid(8a07973c5d3e5674794be255fe26d97d) Importer(815301076,1909f56bfc062723c751e8b465ee728b)
Start importing Assets/TextureGenerator.cs using Guid(8a07973c5d3e5674794be255fe26d97d) Importer(815301076,1909f56bfc062723c751e8b465ee728b)  -> (artifact id: '96bb8714067aec9a89e0c41c48f8e7ed') in 0.016518 seconds 
========================================================================
Received Prepare
Registering precompiled user dll's ...
Registered in 0.001739 seconds.
Begin MonoManager ReloadAssembly
Native extension for WindowsStandalone target not found
Refreshing native plugins compatible for Editor in 0.54 ms, found 1 plugins.
Preloading 0 native plugins for Editor in 0.00 ms.
Mono: successfully reloaded assembly
- Completed reload, in  0.706 seconds
Platform modules already initialized, skipping
Refreshing native plugins compatible for Editor in 0.78 ms, found 1 plugins.
Preloading 0 native plugins for Editor in 0.00 ms.
Unloading 2644 Unused Serialized files (Serialized files now loaded: 0)
System memory in use before: 233.8 MB.
System memory in use after: 234.0 MB.

Unloading 10 unused Assets to reduce memory usage. Loaded Objects now: 3172.
Total: 2.162000 ms (FindLiveObjects: 0.344600 ms CreateObjectMapping: 0.077400 ms MarkObjects: 1.681100 ms  DeleteObjects: 0.056800 ms)

========================================================================
Received Prepare
Registering precompiled user dll's ...
Registered in 0.001822 seconds.
Begin MonoManager ReloadAssembly
Native extension for WindowsStandalone target not found
Refreshing native plugins compatible for Editor in 0.47 ms, found 1 plugins.
Preloading 0 native plugins for Editor in 0.00 ms.
Mono: successfully reloaded assembly
- Completed reload, in  0.701 seconds
Platform modules already initialized, skipping
Refreshing native plugins compatible for Editor in 0.50 ms, found 1 plugins.
Preloading 0 native plugins for Editor in 0.00 ms.
Unloading 2644 Unused Serialized files (Serialized files now loaded: 0)
System memory in use before: 233.8 MB.
System memory in use after: 234.0 MB.

Unloading 10 unused Assets to reduce memory usage. Loaded Objects now: 3174.
Total: 1.834300 ms (FindLiveObjects: 0.265600 ms CreateObjectMapping: 0.070600 ms MarkObjects: 1.445600 ms  DeleteObjects: 0.051500 ms)

========================================================================
Received Import Request.
  Time since last request: 321.423451 seconds.
  path: Assets/TextureGenerator.cs
  artifactKey: Guid(8a07973c5d3e5674794be255fe26d97d) Importer(815301076,1909f56bfc062723c751e8b465ee728b)
Start importing Assets/TextureGenerator.cs using Guid(8a07973c5d3e5674794be255fe26d97d) Importer(815301076,1909f56bfc062723c751e8b465ee728b)  -> (artifact id: '44a26d6e90bc5f15e37b8fc3153fc8dd') in 0.005275 seconds 
========================================================================
Received Prepare
Registering precompiled user dll's ...
Registered in 0.001762 seconds.
Begin MonoManager ReloadAssembly
Native extension for WindowsStandalone target not found
Refreshing native plugins compatible for Editor in 0.47 ms, found 1 plugins.
Preloading 0 native plugins for Editor in 0.00 ms.
Mono: successfully reloaded assembly
- Completed reload, in  0.694 seconds
Platform modules already initialized, skipping
Refreshing native plugins compatible for Editor in 0.53 ms, found 1 plugins.
Preloading 0 native plugins for Editor in 0.00 ms.
Unloading 2644 Unused Serialized files (Serialized files now loaded: 0)
System memory in use before: 233.8 MB.
System memory in use after: 234.0 MB.

Unloading 10 unused Assets to reduce memory usage. Loaded Objects now: 3176.
Total: 1.763700 ms (FindLiveObjects: 0.276300 ms CreateObjectMapping: 0.067800 ms MarkObjects: 1.373600 ms  DeleteObjects: 0.045100 ms)

========================================================================
Received Prepare
Registering precompiled user dll's ...
Registered in 0.001700 seconds.
Begin MonoManager ReloadAssembly
Native extension for WindowsStandalone target not found
Refreshing native plugins compatible for Editor in 0.47 ms, found 1 plugins.
Preloading 0 native plugins for Editor in 0.00 ms.
Mono: successfully reloaded assembly
- Completed reload, in  0.686 seconds
Platform modules already initialized, skipping
Refreshing native plugins compatible for Editor in 0.48 ms, found 1 plugins.
Preloading 0 native plugins for Editor in 0.00 ms.
Unloading 2644 Unused Serialized files (Serialized files now loaded: 0)
System memory in use before: 233.8 MB.
System memory in use after: 234.0 MB.

Unloading 10 unused Assets to reduce memory usage. Loaded Objects now: 3178.
Total: 1.951500 ms (FindLiveObjects: 0.280900 ms CreateObjectMapping: 0.069000 ms MarkObjects: 1.544500 ms  DeleteObjects: 0.056300 ms)

========================================================================
Received Prepare
Registering precompiled user dll's ...
Registered in 0.001902 seconds.
Begin MonoManager ReloadAssembly
Native extension for WindowsStandalone target not found
Refreshing native plugins compatible for Editor in 0.47 ms, found 1 plugins.
Preloading 0 native plugins for Editor in 0.00 ms.
Mono: successfully reloaded assembly
- Completed reload, in  0.692 seconds
Platform modules already initialized, skipping
Refreshing native plugins compatible for Editor in 0.49 ms, found 1 plugins.
Preloading 0 native plugins for Editor in 0.00 ms.
Unloading 2644 Unused Serialized files (Serialized files now loaded: 0)
System memory in use before: 233.8 MB.
System memory in use after: 234.0 MB.

Unloading 10 unused Assets to reduce memory usage. Loaded Objects now: 3180.
Total: 1.734600 ms (FindLiveObjects: 0.239200 ms CreateObjectMapping: 0.067900 ms MarkObjects: 1.382100 ms  DeleteObjects: 0.044500 ms)

========================================================================
Received Import Request.
  Time since last request: 697.484566 seconds.
  path: Assets/MeshGenerator.cs
  artifactKey: Guid(e162e12b40d2f334aabbf2e5b9914e3d) Importer(815301076,1909f56bfc062723c751e8b465ee728b)
Start importing Assets/MeshGenerator.cs using Guid(e162e12b40d2f334aabbf2e5b9914e3d) Importer(815301076,1909f56bfc062723c751e8b465ee728b)  -> (artifact id: '97b80327ec13377198fe60c79dd6ccd4') in 0.008530 seconds 
========================================================================
Received Prepare
Registering precompiled user dll's ...
Registered in 0.002098 seconds.
Begin MonoManager ReloadAssembly
Native extension for WindowsStandalone target not found
Refreshing native plugins compatible for Editor in 0.46 ms, found 1 plugins.
Preloading 0 native plugins for Editor in 0.00 ms.
Mono: successfully reloaded assembly
- Completed reload, in  0.684 seconds
Platform modules already initialized, skipping
Refreshing native plugins compatible for Editor in 0.44 ms, found 1 plugins.
Preloading 0 native plugins for Editor in 0.00 ms.
Unloading 2645 Unused Serialized files (Serialized files now loaded: 0)
System memory in use before: 233.8 MB.
System memory in use after: 234.0 MB.

Unloading 10 unused Assets to reduce memory usage. Loaded Objects now: 3183.
Total: 1.852200 ms (FindLiveObjects: 0.228300 ms CreateObjectMapping: 0.067800 ms MarkObjects: 1.512700 ms  DeleteObjects: 0.042300 ms)

========================================================================
Received Prepare
Registering precompiled user dll's ...
Registered in 0.021922 seconds.
Begin MonoManager ReloadAssembly
Native extension for WindowsStandalone target not found
Refreshing native plugins compatible for Editor in 0.52 ms, found 1 plugins.
Preloading 0 native plugins for Editor in 0.00 ms.
Mono: successfully reloaded assembly
- Completed reload, in  0.778 seconds
Platform modules already initialized, skipping
Refreshing native plugins compatible for Editor in 0.49 ms, found 1 plugins.
Preloading 0 native plugins for Editor in 0.00 ms.
Unloading 2645 Unused Serialized files (Serialized files now loaded: 0)
System memory in use before: 233.8 MB.
System memory in use after: 234.0 MB.

Unloading 10 unused Assets to reduce memory usage. Loaded Objects now: 3185.
Total: 2.463300 ms (FindLiveObjects: 0.241500 ms CreateObjectMapping: 0.069400 ms MarkObjects: 2.097900 ms  DeleteObjects: 0.053400 ms)

========================================================================
Received Import Request.
  Time since last request: 9479.583331 seconds.
  path: Assets/MeshGenerator.cs
  artifactKey: Guid(e162e12b40d2f334aabbf2e5b9914e3d) Importer(815301076,1909f56bfc062723c751e8b465ee728b)
Start importing Assets/MeshGenerator.cs using Guid(e162e12b40d2f334aabbf2e5b9914e3d) Importer(815301076,1909f56bfc062723c751e8b465ee728b)  -> (artifact id: 'c4adea693dc1b5bfd2bf0fe80182e2f1') in 0.008115 seconds 
========================================================================
Received Import Request.
  Time since last request: 0.009403 seconds.
  path: Assets/MapGenerator.cs
  artifactKey: Guid(da0fdef70047a054e8f487115734c235) Importer(815301076,1909f56bfc062723c751e8b465ee728b)
Start importing Assets/MapGenerator.cs using Guid(da0fdef70047a054e8f487115734c235) Importer(815301076,1909f56bfc062723c751e8b465ee728b)  -> (artifact id: '00000000000000000000000000000000') in 0.000259 seconds  code(4) message(Build asset version error: assets/mapgenerator.cs in SourceAssetDB has modification time of '2021-02-07T11:20:11.4954041Z' while content on disk has modification time of '2021-02-07T14:09:45.9865308Z')
  ERROR: Build asset version error: assets/mapgenerator.cs in SourceAssetDB has modification time of '2021-02-07T11:20:11.4954041Z' while content on disk has modification time of '2021-02-07T14:09:45.9865308Z'
========================================================================
Received Import Request.
  Time since last request: 187.033395 seconds.
  path: Assets/MapGenerator.cs
  artifactKey: Guid(da0fdef70047a054e8f487115734c235) Importer(815301076,1909f56bfc062723c751e8b465ee728b)
Start importing Assets/MapGenerator.cs using Guid(da0fdef70047a054e8f487115734c235) Importer(815301076,1909f56bfc062723c751e8b465ee728b)  -> (artifact id: '39fb843321382a047fefd420a75812ca') in 0.007690 seconds 
========================================================================
Received Import Request.
  Time since last request: 26.286717 seconds.
  path: Assets/MeshMaterial.mat
  artifactKey: Guid(63ba95100dbff5345a4aacdbd6fae6e9) Importer(815301076,1909f56bfc062723c751e8b465ee728b)
Start importing Assets/MeshMaterial.mat using Guid(63ba95100dbff5345a4aacdbd6fae6e9) Importer(815301076,1909f56bfc062723c751e8b465ee728b)  -> (artifact id: '709f5ebedb035e9fe957bfec7221bf1e') in 0.063214 seconds 
========================================================================
Received Prepare
Registering precompiled user dll's ...
Registered in 0.001715 seconds.
Begin MonoManager ReloadAssembly
Native extension for WindowsStandalone target not found
Refreshing native plugins compatible for Editor in 0.49 ms, found 1 plugins.
Preloading 0 native plugins for Editor in 0.00 ms.
Mono: successfully reloaded assembly
- Completed reload, in  0.679 seconds
Platform modules already initialized, skipping
Refreshing native plugins compatible for Editor in 0.52 ms, found 1 plugins.
Preloading 0 native plugins for Editor in 0.00 ms.
Unloading 2645 Unused Serialized files (Serialized files now loaded: 0)
System memory in use before: 233.8 MB.
System memory in use after: 234.0 MB.

Unloading 10 unused Assets to reduce memory usage. Loaded Objects now: 3188.
Total: 2.171200 ms (FindLiveObjects: 0.285100 ms CreateObjectMapping: 0.066800 ms MarkObjects: 1.774700 ms  DeleteObjects: 0.042700 ms)

========================================================================
Received Prepare
Registering precompiled user dll's ...
Registered in 0.001890 seconds.
Begin MonoManager ReloadAssembly
Native extension for WindowsStandalone target not found
Refreshing native plugins compatible for Editor in 0.46 ms, found 1 plugins.
Preloading 0 native plugins for Editor in 0.00 ms.
Mono: successfully reloaded assembly
- Completed reload, in  0.677 seconds
Platform modules already initialized, skipping
Refreshing native plugins compatible for Editor in 0.57 ms, found 1 plugins.
Preloading 0 native plugins for Editor in 0.00 ms.
Unloading 2645 Unused Serialized files (Serialized files now loaded: 0)
System memory in use before: 233.9 MB.
System memory in use after: 234.1 MB.

Unloading 10 unused Assets to reduce memory usage. Loaded Objects now: 3190.
Total: 2.099300 ms (FindLiveObjects: 0.257200 ms CreateObjectMapping: 0.066400 ms MarkObjects: 1.735500 ms  DeleteObjects: 0.039500 ms)

========================================================================
Received Import Request.
  Time since last request: 263.665819 seconds.
  path: Assets/MeshMaterial.mat
  artifactKey: Guid(63ba95100dbff5345a4aacdbd6fae6e9) Importer(815301076,1909f56bfc062723c751e8b465ee728b)
Start importing Assets/MeshMaterial.mat using Guid(63ba95100dbff5345a4aacdbd6fae6e9) Importer(815301076,1909f56bfc062723c751e8b465ee728b)  -> (artifact id: 'f62d360c5bb0a41f9b42b48fa666ad7e') in 0.048333 seconds 
========================================================================
Received Import Request.
  Time since last request: 316.962719 seconds.
  path: Assets/Scripts
  artifactKey: Guid(9980a0a33ff3292489b0fb5245575e20) Importer(815301076,1909f56bfc062723c751e8b465ee728b)
Start importing Assets/Scripts using Guid(9980a0a33ff3292489b0fb5245575e20) Importer(815301076,1909f56bfc062723c751e8b465ee728b)  -> (artifact id: 'a357a4244a71be258e6a075e4e4d5145') in 0.005756 seconds 
========================================================================
Received Import Request.
  Time since last request: 1.255164 seconds.
  path: Assets/MapDisplay.cs
  artifactKey: Guid(8b2a701cc4a5dab488de212013be8bbb) Importer(815301076,1909f56bfc062723c751e8b465ee728b)
Start importing Assets/MapDisplay.cs using Guid(8b2a701cc4a5dab488de212013be8bbb) Importer(815301076,1909f56bfc062723c751e8b465ee728b)  -> (artifact id: 'e215395d5de552d9d8f7c3f98bef82ad') in 0.005217 seconds 
========================================================================
Received Import Request.
  Time since last request: 0.466210 seconds.
  path: Assets/MapGenerator.cs
  artifactKey: Guid(da0fdef70047a054e8f487115734c235) Importer(815301076,1909f56bfc062723c751e8b465ee728b)
Start importing Assets/MapGenerator.cs using Guid(da0fdef70047a054e8f487115734c235) Importer(815301076,1909f56bfc062723c751e8b465ee728b)  -> (artifact id: '5cdd7f9b92dad13a837cd44dd186c2c1') in 0.001750 seconds 
========================================================================
Received Import Request.
  Time since last request: 0.198138 seconds.
  path: Assets/Noise.cs
  artifactKey: Guid(2d2f32ba261b7f948bd2d13ea90129f5) Importer(815301076,1909f56bfc062723c751e8b465ee728b)
Start importing Assets/Noise.cs using Guid(2d2f32ba261b7f948bd2d13ea90129f5) Importer(815301076,1909f56bfc062723c751e8b465ee728b)  -> (artifact id: 'b9b83bc5758fe35b0bea5ca6e7dcc711') in 0.005409 seconds 
========================================================================
Received Prepare
Registering precompiled user dll's ...
Registered in 0.001677 seconds.
Begin MonoManager ReloadAssembly
Native extension for WindowsStandalone target not found
Refreshing native plugins compatible for Editor in 0.46 ms, found 1 plugins.
Preloading 0 native plugins for Editor in 0.00 ms.
Mono: successfully reloaded assembly
- Completed reload, in  0.697 seconds
Platform modules already initialized, skipping
Refreshing native plugins compatible for Editor in 0.50 ms, found 1 plugins.
Preloading 0 native plugins for Editor in 0.00 ms.
Unloading 2645 Unused Serialized files (Serialized files now loaded: 0)
System memory in use before: 233.9 MB.
System memory in use after: 234.1 MB.

Unloading 10 unused Assets to reduce memory usage. Loaded Objects now: 3193.
Total: 1.900700 ms (FindLiveObjects: 0.259500 ms CreateObjectMapping: 0.069600 ms MarkObjects: 1.523800 ms  DeleteObjects: 0.047100 ms)

========================================================================
Received Import Request.
  Time since last request: 13.104368 seconds.
  path: Assets/Materials
  artifactKey: Guid(bc8a1a2968ec34849b0811cf85b88bed) Importer(815301076,1909f56bfc062723c751e8b465ee728b)
Start importing Assets/Materials using Guid(bc8a1a2968ec34849b0811cf85b88bed) Importer(815301076,1909f56bfc062723c751e8b465ee728b)  -> (artifact id: '7c73b4dcffa404378d89f90f4e160cbf') in 0.008495 seconds 
========================================================================
Received Prepare
Registering precompiled user dll's ...
Registered in 0.001735 seconds.
Begin MonoManager ReloadAssembly
Native extension for WindowsStandalone target not found
Refreshing native plugins compatible for Editor in 0.49 ms, found 1 plugins.
Preloading 0 native plugins for Editor in 0.00 ms.
Mono: successfully reloaded assembly
- Completed reload, in  0.700 seconds
Platform modules already initialized, skipping
Refreshing native plugins compatible for Editor in 0.62 ms, found 1 plugins.
Preloading 0 native plugins for Editor in 0.00 ms.
Unloading 2645 Unused Serialized files (Serialized files now loaded: 0)
System memory in use before: 233.9 MB.
System memory in use after: 234.1 MB.

Unloading 10 unused Assets to reduce memory usage. Loaded Objects now: 3195.
Total: 1.794800 ms (FindLiveObjects: 0.261600 ms CreateObjectMapping: 0.065200 ms MarkObjects: 1.406800 ms  DeleteObjects: 0.060300 ms)

========================================================================
Received Prepare
Registering precompiled user dll's ...
Registered in 0.001789 seconds.
Begin MonoManager ReloadAssembly
Native extension for WindowsStandalone target not found
Refreshing native plugins compatible for Editor in 0.46 ms, found 1 plugins.
Preloading 0 native plugins for Editor in 0.00 ms.
Mono: successfully reloaded assembly
- Completed reload, in  0.680 seconds
Platform modules already initialized, skipping
Refreshing native plugins compatible for Editor in 0.55 ms, found 1 plugins.
Preloading 0 native plugins for Editor in 0.00 ms.
Unloading 2645 Unused Serialized files (Serialized files now loaded: 0)
System memory in use before: 233.9 MB.
System memory in use after: 234.1 MB.

Unloading 10 unused Assets to reduce memory usage. Loaded Objects now: 3197.
Total: 1.990500 ms (FindLiveObjects: 0.258500 ms CreateObjectMapping: 0.066000 ms MarkObjects: 1.616900 ms  DeleteObjects: 0.048200 ms)

========================================================================
Received Prepare
Registering precompiled user dll's ...
Registered in 0.001922 seconds.
Begin MonoManager ReloadAssembly
Native extension for WindowsStandalone target not found
Refreshing native plugins compatible for Editor in 0.47 ms, found 1 plugins.
Preloading 0 native plugins for Editor in 0.00 ms.
Mono: successfully reloaded assembly
- Completed reload, in  0.677 seconds
Platform modules already initialized, skipping
Refreshing native plugins compatible for Editor in 0.48 ms, found 1 plugins.
Preloading 0 native plugins for Editor in 0.00 ms.
Unloading 2645 Unused Serialized files (Serialized files now loaded: 0)
System memory in use before: 233.9 MB.
System memory in use after: 234.1 MB.

Unloading 10 unused Assets to reduce memory usage. Loaded Objects now: 3199.
Total: 1.719600 ms (FindLiveObjects: 0.239800 ms CreateObjectMapping: 0.080300 ms MarkObjects: 1.361000 ms  DeleteObjects: 0.037800 ms)

AssetImportWorkerClient::OnTransportError - code=2 error=End of file
